<?xml version="1.0" encoding="UTF-8"?>
<coverage generated="1442915970">
  <project timestamp="1442915970">
    <package name="CRUDlex">
      <file name="/Users/philiplb/Sites/CRUDlexUser/src/CRUDlex/CRUDUser.php">
        <class name="CRUDUser" namespace="CRUDlex">
          <metrics methods="6" coveredmethods="0" conditionals="0" coveredconditionals="0" statements="14" coveredstatements="0" elements="20" coveredelements="0"/>
        </class>
        <line num="36" type="method" name="__construct" crap="2" count="0"/>
        <line num="37" type="stmt" count="0"/>
        <line num="38" type="stmt" count="0"/>
        <line num="39" type="stmt" count="0"/>
        <line num="40" type="stmt" count="0"/>
        <line num="41" type="stmt" count="0"/>
        <line num="49" type="method" name="getRoles" crap="2" count="0"/>
        <line num="50" type="stmt" count="0"/>
        <line num="51" type="stmt" count="0"/>
        <line num="59" type="method" name="getPassword" crap="2" count="0"/>
        <line num="60" type="stmt" count="0"/>
        <line num="61" type="stmt" count="0"/>
        <line num="69" type="method" name="getSalt" crap="2" count="0"/>
        <line num="70" type="stmt" count="0"/>
        <line num="71" type="stmt" count="0"/>
        <line num="79" type="method" name="getUsername" crap="2" count="0"/>
        <line num="80" type="stmt" count="0"/>
        <line num="81" type="stmt" count="0"/>
        <line num="87" type="method" name="eraseCredentials" crap="2" count="0"/>
        <line num="88" type="stmt" count="0"/>
        <metrics loc="90" ncloc="36" classes="1" methods="6" coveredmethods="0" conditionals="0" coveredconditionals="0" statements="14" coveredstatements="0" elements="20" coveredelements="0"/>
      </file>
      <file name="/Users/philiplb/Sites/CRUDlexUser/src/CRUDlex/CRUDUserProvider.php">
        <class name="CRUDUserProvider" namespace="CRUDlex">
          <metrics methods="4" coveredmethods="0" conditionals="0" coveredconditionals="0" statements="28" coveredstatements="0" elements="32" coveredelements="0"/>
        </class>
        <line num="69" type="method" name="__construct" crap="2" count="0"/>
        <line num="70" type="stmt" count="0"/>
        <line num="71" type="stmt" count="0"/>
        <line num="72" type="stmt" count="0"/>
        <line num="73" type="stmt" count="0"/>
        <line num="74" type="stmt" count="0"/>
        <line num="75" type="stmt" count="0"/>
        <line num="87" type="method" name="loadUserByUsername" crap="12" count="0"/>
        <line num="89" type="stmt" count="0"/>
        <line num="90" type="stmt" count="0"/>
        <line num="91" type="stmt" count="0"/>
        <line num="92" type="stmt" count="0"/>
        <line num="94" type="stmt" count="0"/>
        <line num="95" type="stmt" count="0"/>
        <line num="96" type="stmt" count="0"/>
        <line num="98" type="stmt" count="0"/>
        <line num="99" type="stmt" count="0"/>
        <line num="100" type="stmt" count="0"/>
        <line num="101" type="stmt" count="0"/>
        <line num="102" type="stmt" count="0"/>
        <line num="103" type="stmt" count="0"/>
        <line num="104" type="stmt" count="0"/>
        <line num="106" type="stmt" count="0"/>
        <line num="108" type="stmt" count="0"/>
        <line num="109" type="stmt" count="0"/>
        <line num="121" type="method" name="refreshUser" crap="2" count="0"/>
        <line num="122" type="stmt" count="0"/>
        <line num="123" type="stmt" count="0"/>
        <line num="124" type="stmt" count="0"/>
        <line num="135" type="method" name="supportsClass" crap="2" count="0"/>
        <line num="136" type="stmt" count="0"/>
        <line num="137" type="stmt" count="0"/>
        <metrics loc="139" ncloc="66" classes="1" methods="4" coveredmethods="0" conditionals="0" coveredconditionals="0" statements="28" coveredstatements="0" elements="32" coveredelements="0"/>
      </file>
      <file name="/Users/philiplb/Sites/CRUDlexUser/src/CRUDlex/CRUDUserSetup.php">
        <class name="CRUDUserSetup" namespace="CRUDlex">
          <metrics methods="3" coveredmethods="0" conditionals="0" coveredconditionals="0" statements="28" coveredstatements="0" elements="31" coveredelements="0"/>
        </class>
        <line num="28" type="method" name="getSalt" crap="6" count="0"/>
        <line num="29" type="stmt" count="0"/>
        <line num="30" type="stmt" count="0"/>
        <line num="31" type="stmt" count="0"/>
        <line num="32" type="stmt" count="0"/>
        <line num="33" type="stmt" count="0"/>
        <line num="34" type="stmt" count="0"/>
        <line num="35" type="stmt" count="0"/>
        <line num="36" type="stmt" count="0"/>
        <line num="51" type="method" name="addEvents" crap="12" count="0"/>
        <line num="54" type="stmt" count="0"/>
        <line num="55" type="stmt" count="0"/>
        <line num="56" type="stmt" count="0"/>
        <line num="57" type="stmt" count="0"/>
        <line num="59" type="stmt" count="0"/>
        <line num="61" type="method" name="anonymous function" crap="12" count="0"/>
        <line num="62" type="stmt" count="0"/>
        <line num="63" type="stmt" count="0"/>
        <line num="64" type="stmt" count="0"/>
        <line num="65" type="stmt" count="0"/>
        <line num="67" type="stmt" count="0"/>
        <line num="68" type="stmt" count="0"/>
        <line num="69" type="stmt" count="0"/>
        <line num="70" type="stmt" count="0"/>
        <line num="71" type="stmt" count="0"/>
        <line num="72" type="stmt" count="0"/>
        <line num="74" type="stmt" count="0"/>
        <line num="75" type="stmt" count="0"/>
        <line num="76" type="stmt" count="0"/>
        <line num="77" type="stmt" count="0"/>
        <line num="78" type="stmt" count="0"/>
        <line num="80" type="stmt" count="0"/>
        <line num="81" type="stmt" count="0"/>
        <line num="83" type="stmt" count="0"/>
        <metrics loc="85" ncloc="57" classes="1" methods="3" coveredmethods="0" conditionals="0" coveredconditionals="0" statements="31" coveredstatements="0" elements="34" coveredelements="0"/>
      </file>
    </package>
    <metrics files="3" loc="314" ncloc="159" classes="3" methods="13" coveredmethods="0" conditionals="0" coveredconditionals="0" statements="73" coveredstatements="0" elements="86" coveredelements="0"/>
  </project>
</coverage>
